Insult service running at port 49165 with name InsultService_13
[Consumer] Process started
Connecting to RabbitMQ...
Connection established.
Queue declared: insult_queue
[READY] Waiting for messages...
Insult service running at port 49165 with name InsultService_13
[Consumer] Process started
Connecting to RabbitMQ...
Connection established.
Queue declared: insult_queue
[READY] Waiting for messages...
Insult service running at port 49165 with name InsultService_13
[Consumer] Process started
Connecting to RabbitMQ...
Connection established.
Queue declared: insult_queue
[READY] Waiting for messages...
Insult service running at port 49165 with name InsultService_13
[Consumer] Process started
Connecting to RabbitMQ...
Connection established.
Queue declared: insult_queue
[READY] Waiting for messages...
Insult service running at port 49165 with name InsultService_13
[Consumer] Process started
Connecting to RabbitMQ...
Connection established.
Queue declared: insult_queue
[READY] Waiting for messages...
Insult service running at port 49165 with name InsultService_13
[Consumer] Process started
Connecting to RabbitMQ...
Connection established.
Queue declared: insult_queue
[READY] Waiting for messages...
Insult service running at port 49165 with name InsultService_13
Insult service running at port 49165 with name InsultService_13
[Consumer] Process started
Connecting to RabbitMQ...
Connection established.
Queue declared: insult_queue
[READY] Waiting for messages...
Insult service running at port 49165 with name InsultService_13
[Consumer] Process started
Connecting to RabbitMQ...
Connection established.
Queue declared: insult_queue
[READY] Waiting for messages...
