Insult service running at port 49159 with name InsultService_7
[Consumer] Process started
Connecting to RabbitMQ...
Connection established.
Queue declared: insult_queue
[READY] Waiting for messages...
Insult service running at port 49159 with name InsultService_7
[Consumer] Process started
Connecting to RabbitMQ...
Connection established.
Queue declared: insult_queue
[READY] Waiting for messages...
Insult service running at port 49159 with name InsultService_7
[Consumer] Process started
Connecting to RabbitMQ...
Connection established.
Queue declared: insult_queue
[READY] Waiting for messages...
Insult service running at port 49159 with name InsultService_7
[Consumer] Process started
Connecting to RabbitMQ...
Connection established.
Queue declared: insult_queue
[READY] Waiting for messages...
Insult service running at port 49159 with name InsultService_7
[Consumer] Process started
Connecting to RabbitMQ...
Connection established.
Queue declared: insult_queue
[READY] Waiting for messages...
Insult service running at port 49159 with name InsultService_7
[Consumer] Process started
Connecting to RabbitMQ...
Connection established.
Queue declared: insult_queue
[READY] Waiting for messages...
Insult service running at port 49159 with name InsultService_7
Insult service running at port 49159 with name InsultService_7
[Consumer] Process started
Connecting to RabbitMQ...
Connection established.
Queue declared: insult_queue
[READY] Waiting for messages...
