Insult service running at port 49157 with name InsultService_5
[Consumer] Process started
Connecting to RabbitMQ...
Connection established.
Queue declared: insult_queue
[READY] Waiting for messages...
Insult service running at port 49157 with name InsultService_5
[Consumer] Process started
Connecting to RabbitMQ...
Connection established.
Queue declared: insult_queue
[READY] Waiting for messages...
Insult service running at port 49157 with name InsultService_5
[Consumer] Process started
Connecting to RabbitMQ...
Connection established.
Queue declared: insult_queue
[READY] Waiting for messages...
Insult service running at port 49157 with name InsultService_5
[Consumer] Process started
Connecting to RabbitMQ...
Connection established.
Queue declared: insult_queue
[READY] Waiting for messages...
Insult service running at port 49157 with name InsultService_5
[Consumer] Process started
Connecting to RabbitMQ...
Connection established.
Queue declared: insult_queue
[READY] Waiting for messages...
Insult service running at port 49157 with name InsultService_5
[Consumer] Process started
Connecting to RabbitMQ...
Connection established.
Queue declared: insult_queue
[READY] Waiting for messages...
Insult service running at port 49157 with name InsultService_5
[Consumer] Process started
Connecting to RabbitMQ...
Connection established.
Queue declared: insult_queue
[READY] Waiting for messages...
Insult service running at port 49157 with name InsultService_5
Insult service running at port 49157 with name InsultService_5
[Consumer] Process started
Connecting to RabbitMQ...
Connection established.
Queue declared: insult_queue
[READY] Waiting for messages...
